<?xml version="1.0" encoding="UTF-8"?>
<!-- Generated by org.testng.reporters.JUnitReportReporter -->
<testsuite hostname="DESKTOP-C7EUQ6P" failures="0" tests="2" name="day_30.Visualizer" time="0.022" errors="0" timestamp="2025-08-22T15:30:28 IST" skipped="0">
  <testcase classname="day_30.Visualizer" name="Method1" time="0.016"/>
  <testcase classname="day_30.Visualizer" name="Method2" time="0.006"/>
</testsuite> <!-- day_30.Visualizer -->
