<?xml version="1.0" encoding="UTF-8"?>
<!-- Generated by org.testng.reporters.JUnitReportReporter -->
<testsuite hostname="DESKTOP-C7EUQ6P" failures="0" tests="2" name="day_28.LoginTests" time="0.033" errors="0" timestamp="2025-08-20T14:49:55 IST" skipped="0">
  <testcase classname="day_28.LoginTests" name="testValidLogin" time="0.010"/>
  <testcase classname="day_28.LoginTests" name="testInvalidLogin" time="0.023"/>
</testsuite> <!-- day_28.LoginTests -->
