<?xml version="1.0" encoding="UTF-8"?>
<!-- Generated by org.testng.reporters.JUnitReportReporter -->
<testsuite hostname="DESKTOP-C7EUQ6P" failures="0" tests="2" name="day_30.hookable_sample" time="0.024" errors="0" timestamp="2025-08-22T16:13:58 IST" skipped="0">
  <testcase classname="day_30.hookable_sample" name="testmethod2" time="0.005"/>
  <testcase classname="day_30.hookable_sample" name="testmethod1" time="0.019"/>
</testsuite> <!-- day_30.hookable_sample -->
