<?xml version="1.0" encoding="UTF-8"?>
<!-- Generated by org.testng.reporters.JUnitReportReporter -->
<testsuite hostname="DESKTOP-C7EUQ6P" failures="0" tests="1" name="day_28.LoginTest" time="5.144" errors="0" timestamp="2025-08-20T11:21:29 IST" skipped="0">
  <testcase classname="day_28.LoginTest" name="openGoogle" time="5.144"/>
</testsuite> <!-- day_28.LoginTest -->
