<?xml version="1.0" encoding="UTF-8"?>
<!-- Generated by org.testng.reporters.JUnitReportReporter -->
<testsuite hostname="DESKTOP-C7EUQ6P" failures="0" tests="3" name="day_28.EcommerceExample" time="7.026" errors="0" timestamp="2025-08-20T21:13:37 IST" skipped="0">
  <testcase classname="day_28.EcommerceExample" name="testCart" time="0.045"/>
  <testcase classname="day_28.EcommerceExample" name="testSearch" time="6.928"/>
  <testcase classname="day_28.EcommerceExample" name="testTitle" time="0.053"/>
</testsuite> <!-- day_28.EcommerceExample -->
