<?xml version="1.0" encoding="UTF-8"?>
<!-- Generated by org.testng.reporters.JUnitReportReporter -->
<testsuite hostname="DESKTOP-C7EUQ6P" failures="0" tests="2" name="day_27.TestNGAnnotationsDemo" time="0.060" errors="0" timestamp="2025-08-19T12:56:52 IST" skipped="0">
  <testcase classname="day_27.TestNGAnnotationsDemo" name="testLogin" time="0.044"/>
  <testcase classname="day_27.TestNGAnnotationsDemo" name="testSearch" time="0.016"/>
</testsuite> <!-- day_27.TestNGAnnotationsDemo -->
