<?xml version="1.0" encoding="UTF-8"?>
<!-- Generated by org.testng.reporters.JUnitReportReporter -->
<testsuite hostname="DESKTOP-C7EUQ6P" failures="0" tests="1" name="day_30.ConfigurableTest" time="0.025" errors="0" timestamp="2025-08-22T16:45:01 IST" skipped="0">
  <testcase classname="day_30.ConfigurableTest" name="test1" time="0.025"/>
</testsuite> <!-- day_30.ConfigurableTest -->
