<?xml version="1.0" encoding="UTF-8"?>
<!-- Generated by org.testng.reporters.JUnitReportReporter -->
<testsuite hostname="DESKTOP-C7EUQ6P" failures="0" tests="1" name="day_27.Testng_360decor" time="4.564" errors="0" timestamp="2025-08-19T14:34:31 IST" skipped="0">
  <testcase classname="day_27.Testng_360decor" name="login" time="4.564"/>
</testsuite> <!-- day_27.Testng_360decor -->
