<?xml version="1.0" encoding="UTF-8"?>
<!-- Generated by org.testng.reporters.JUnitReportReporter -->
<testsuite hostname="DESKTOP-C7EUQ6P" failures="0" tests="3" name="day_28.EcommerceTests" time="5.697" errors="0" timestamp="2025-08-20T16:54:11 IST" skipped="0">
  <testcase classname="day_28.EcommerceTests" name="testCart" time="0.105"/>
  <testcase classname="day_28.EcommerceTests" name="testTitle" time="0.019"/>
  <testcase classname="day_28.EcommerceTests" name="testSearch" time="5.573"/>
</testsuite> <!-- day_28.EcommerceTests -->
