<?xml version="1.0" encoding="UTF-8"?>
<!-- Generated by org.testng.reporters.JUnitReportReporter -->
<testsuite hostname="DESKTOP-C7EUQ6P" failures="0" tests="2" name="day_30.TestTransformer" time="0.030" errors="0" timestamp="2025-08-22T11:41:16 IST" skipped="0">
  <testcase classname="day_30.TestTransformer" name="testTransformer" time="0.016"/>
  <testcase classname="day_30.TestTransformer" name="testTransformer" time="0.014"/>
</testsuite> <!-- day_30.TestTransformer -->
