<?xml version="1.0" encoding="UTF-8"?>
<!-- Generated by org.testng.reporters.JUnitReportReporter -->
<testsuite hostname="DESKTOP-C7EUQ6P" failures="0" tests="1" name="day_27.GoogleTest" time="3.502" errors="0" timestamp="2025-08-19T12:21:55 IST" skipped="0">
  <testcase classname="day_27.GoogleTest" name="testgoogleTitile" time="3.502"/>
</testsuite> <!-- day_27.GoogleTest -->
