<?xml version="1.0" encoding="UTF-8"?>
<!-- Generated by org.testng.reporters.JUnitReportReporter -->
<testsuite hostname="DESKTOP-C7EUQ6P" failures="0" tests="2" name="day_29.AmazonLoginTest" time="0.027" errors="0" timestamp="2025-08-21T12:20:09 IST" skipped="0">
  <testcase classname="day_29.AmazonLoginTest" name="testAmazonLogin" time="0.016"/>
  <testcase classname="day_29.AmazonLoginTest" name="testAmazonLogin" time="0.011"/>
</testsuite> <!-- day_29.AmazonLoginTest -->
