<?xml version="1.0" encoding="UTF-8"?>
<!-- Generated by org.testng.reporters.JUnitReportReporter -->
<testsuite hostname="DESKTOP-C7EUQ6P" failures="0" tests="3" name="day_29.Factories" time="12.944" errors="0" timestamp="2025-08-25T19:04:04 IST" skipped="0">
  <testcase classname="day_29.Factories" name="HealthSetup" time="4.098"/>
  <testcase classname="day_29.Factories" name="HealthSetup" time="2.715"/>
  <testcase classname="day_29.Factories" name="HealthSetup" time="6.131"/>
</testsuite> <!-- day_29.Factories -->
