<?xml version="1.0" encoding="UTF-8"?>
<!-- Generated by org.testng.reporters.JUnitReportReporter -->
<testsuite hostname="DESKTOP-C7EUQ6P" failures="0" tests="2" name="day_29.Dependencies" time="6.800" errors="0" timestamp="2025-08-21T15:33:58 IST" skipped="0">
  <testcase classname="day_29.Dependencies" name="HealthSetup" time="6.205"/>
  <testcase classname="day_29.Dependencies" name="Login" time="0.595"/>
</testsuite> <!-- day_29.Dependencies -->
