<?xml version="1.0" encoding="UTF-8"?>
<!-- Generated by org.testng.reporters.JUnitReportReporter -->
<testsuite hostname="DESKTOP-C7EUQ6P" failures="0" tests="3" name="day_28.AmazonTests" time="0.026" errors="0" timestamp="2025-08-20T23:54:38 IST" skipped="0">
  <testcase classname="day_28.AmazonTests" name="testLogin" time="0.006"/>
  <testcase classname="day_28.AmazonTests" name="testCheckout" time="0.007"/>
  <testcase classname="day_28.AmazonTests" name="testAddToCart" time="0.013"/>
</testsuite> <!-- day_28.AmazonTests -->
